<?xml version="1.0" encoding="utf-8" standalone="no"?>
<test-run id="2" testcasecount="49" result="Passed" total="49" passed="49" failed="0" inconclusive="0" skipped="0" asserts="49" engine-version="3.6.1.0" clr-version="4.0.30319.42000" start-time="2017-05-25 13:12:38Z" end-time="2017-05-25 13:12:39Z" duration="1.080910">
  <command-line><![CDATA[/home/docker/src/packages/NUnit.ConsoleRunner.3.6.1/tools/nunit3-console.exe ./TicTacToeTests/bin/Debug/TicTacToeTests.dll]]></command-line>
  <test-suite type="Assembly" id="0-1066" name="TicTacToeTests.dll" fullname="/home/docker/src/TicTacToeTests/bin/Debug/TicTacToeTests.dll" runstate="Runnable" testcasecount="49" result="Passed" start-time="2017-05-25 13:12:39Z" end-time="2017-05-25 13:12:39Z" duration="0.233112" total="49" passed="49" failed="0" warnings="0" inconclusive="0" skipped="0" asserts="49">
    <environment framework-version="3.6.1.0" clr-version="4.0.30319.42000" os-version="Unix 4.4.59.0" platform="Unix" cwd="/home/docker/src" machine-name="2fe3323cef2b" user="docker" user-domain="2fe3323cef2b" culture="" uiculture="" os-architecture="x64" />
    <settings>
      <setting name="DisposeRunners" value="True" />
      <setting name="WorkDirectory" value="/home/docker/src" />
      <setting name="ImageRuntimeVersion" value="4.0.30319" />
      <setting name="ImageTargetFrameworkName" value=".NETFramework,Version=v4.5" />
      <setting name="ImageRequiresX86" value="False" />
      <setting name="ImageRequiresDefaultAppDomainAssemblyResolver" value="False" />
      <setting name="NumberOfTestWorkers" value="4" />
    </settings>
    <properties>
      <property name="_PID" value="1365" />
      <property name="_APPDOMAIN" value="domain-" />
    </properties>
    <test-suite type="TestSuite" id="0-1067" name="TicTacToeTests" fullname="TicTacToeTests" runstate="Runnable" testcasecount="49" result="Passed" start-time="2017-05-25 13:12:39Z" end-time="2017-05-25 13:12:39Z" duration="0.218179" total="49" passed="49" failed="0" warnings="0" inconclusive="0" skipped="0" asserts="49">
      <test-suite type="TestFixture" id="0-1000" name="TestBoard" fullname="TicTacToeTests.TestBoard" classname="TicTacToeTests.TestBoard" runstate="Runnable" testcasecount="20" result="Passed" start-time="2017-05-25 13:12:39Z" end-time="2017-05-25 13:12:39Z" duration="0.107618" total="20" passed="20" failed="0" warnings="0" inconclusive="0" skipped="0" asserts="20">
        <test-suite type="ParameterizedMethod" id="0-1009" name="TestCircleColumn" fullname="TicTacToeTests.TestBoard.TestCircleColumn" classname="TicTacToeTests.TestBoard" runstate="Runnable" testcasecount="3" result="Passed" start-time="2017-05-25 13:12:39Z" end-time="2017-05-25 13:12:39Z" duration="0.034868" total="3" passed="3" failed="0" warnings="0" inconclusive="0" skipped="0" asserts="3">
          <test-case id="0-1006" name="TestCircleColumn(0)" fullname="TicTacToeTests.TestBoard.TestCircleColumn(0)" methodname="TestCircleColumn" classname="TicTacToeTests.TestBoard" runstate="Runnable" seed="1420020816" result="Passed" start-time="2017-05-25 13:12:39Z" end-time="2017-05-25 13:12:39Z" duration="0.021559" asserts="1" />
          <test-case id="0-1007" name="TestCircleColumn(1)" fullname="TicTacToeTests.TestBoard.TestCircleColumn(1)" methodname="TestCircleColumn" classname="TicTacToeTests.TestBoard" runstate="Runnable" seed="110023833" result="Passed" start-time="2017-05-25 13:12:39Z" end-time="2017-05-25 13:12:39Z" duration="0.000154" asserts="1" />
          <test-case id="0-1008" name="TestCircleColumn(2)" fullname="TicTacToeTests.TestBoard.TestCircleColumn(2)" methodname="TestCircleColumn" classname="TicTacToeTests.TestBoard" runstate="Runnable" seed="1410778470" result="Passed" start-time="2017-05-25 13:12:39Z" end-time="2017-05-25 13:12:39Z" duration="0.000127" asserts="1" />
        </test-suite>
        <test-case id="0-1011" name="TestCircleNegativeSlope" fullname="TicTacToeTests.TestBoard.TestCircleNegativeSlope" methodname="TestCircleNegativeSlope" classname="TicTacToeTests.TestBoard" runstate="Runnable" seed="13787588" result="Passed" start-time="2017-05-25 13:12:39Z" end-time="2017-05-25 13:12:39Z" duration="0.000409" asserts="1" />
        <test-case id="0-1010" name="TestCirclePositiveSlope" fullname="TicTacToeTests.TestBoard.TestCirclePositiveSlope" methodname="TestCirclePositiveSlope" classname="TicTacToeTests.TestBoard" runstate="Runnable" seed="492433377" result="Passed" start-time="2017-05-25 13:12:39Z" end-time="2017-05-25 13:12:39Z" duration="0.000349" asserts="1" />
        <test-suite type="ParameterizedMethod" id="0-1005" name="TestCircleRow" fullname="TicTacToeTests.TestBoard.TestCircleRow" classname="TicTacToeTests.TestBoard" runstate="Runnable" testcasecount="3" result="Passed" start-time="2017-05-25 13:12:39Z" end-time="2017-05-25 13:12:39Z" duration="0.007607" total="3" passed="3" failed="0" warnings="0" inconclusive="0" skipped="0" asserts="3">
          <test-case id="0-1002" name="TestCircleRow(0)" fullname="TicTacToeTests.TestBoard.TestCircleRow(0)" methodname="TestCircleRow" classname="TicTacToeTests.TestBoard" runstate="Runnable" seed="1034819354" result="Passed" start-time="2017-05-25 13:12:39Z" end-time="2017-05-25 13:12:39Z" duration="0.000413" asserts="1" />
          <test-case id="0-1003" name="TestCircleRow(1)" fullname="TicTacToeTests.TestBoard.TestCircleRow(1)" methodname="TestCircleRow" classname="TicTacToeTests.TestBoard" runstate="Runnable" seed="219909261" result="Passed" start-time="2017-05-25 13:12:39Z" end-time="2017-05-25 13:12:39Z" duration="0.000096" asserts="1" />
          <test-case id="0-1004" name="TestCircleRow(2)" fullname="TicTacToeTests.TestBoard.TestCircleRow(2)" methodname="TestCircleRow" classname="TicTacToeTests.TestBoard" runstate="Runnable" seed="131773439" result="Passed" start-time="2017-05-25 13:12:39Z" end-time="2017-05-25 13:12:39Z" duration="0.000111" asserts="1" />
        </test-suite>
        <test-case id="0-1023" name="TestCircleStaysTheWinner" fullname="TicTacToeTests.TestBoard.TestCircleStaysTheWinner" methodname="TestCircleStaysTheWinner" classname="TicTacToeTests.TestBoard" runstate="Runnable" seed="1530156460" result="Passed" start-time="2017-05-25 13:12:39Z" end-time="2017-05-25 13:12:39Z" duration="0.010398" asserts="1" />
        <test-suite type="ParameterizedMethod" id="0-1019" name="TestCrossColumn" fullname="TicTacToeTests.TestBoard.TestCrossColumn" classname="TicTacToeTests.TestBoard" runstate="Runnable" testcasecount="3" result="Passed" start-time="2017-05-25 13:12:39Z" end-time="2017-05-25 13:12:39Z" duration="0.008564" total="3" passed="3" failed="0" warnings="0" inconclusive="0" skipped="0" asserts="3">
          <test-case id="0-1016" name="TestCrossColumn(0)" fullname="TicTacToeTests.TestBoard.TestCrossColumn(0)" methodname="TestCrossColumn" classname="TicTacToeTests.TestBoard" runstate="Runnable" seed="963907897" result="Passed" start-time="2017-05-25 13:12:39Z" end-time="2017-05-25 13:12:39Z" duration="0.000526" asserts="1" />
          <test-case id="0-1017" name="TestCrossColumn(1)" fullname="TicTacToeTests.TestBoard.TestCrossColumn(1)" methodname="TestCrossColumn" classname="TicTacToeTests.TestBoard" runstate="Runnable" seed="1937292319" result="Passed" start-time="2017-05-25 13:12:39Z" end-time="2017-05-25 13:12:39Z" duration="0.000174" asserts="1" />
          <test-case id="0-1018" name="TestCrossColumn(2)" fullname="TicTacToeTests.TestBoard.TestCrossColumn(2)" methodname="TestCrossColumn" classname="TicTacToeTests.TestBoard" runstate="Runnable" seed="328043861" result="Passed" start-time="2017-05-25 13:12:39Z" end-time="2017-05-25 13:12:39Z" duration="0.000152" asserts="1" />
        </test-suite>
        <test-case id="0-1021" name="TestCrossNegativeSlope" fullname="TicTacToeTests.TestBoard.TestCrossNegativeSlope" methodname="TestCrossNegativeSlope" classname="TicTacToeTests.TestBoard" runstate="Runnable" seed="1027927239" result="Passed" start-time="2017-05-25 13:12:39Z" end-time="2017-05-25 13:12:39Z" duration="0.000503" asserts="1" />
        <test-case id="0-1020" name="TestCrossPositiveSlope" fullname="TicTacToeTests.TestBoard.TestCrossPositiveSlope" methodname="TestCrossPositiveSlope" classname="TicTacToeTests.TestBoard" runstate="Runnable" seed="2143714273" result="Passed" start-time="2017-05-25 13:12:39Z" end-time="2017-05-25 13:12:39Z" duration="0.000549" asserts="1" />
        <test-suite type="ParameterizedMethod" id="0-1015" name="TestCrossRow" fullname="TicTacToeTests.TestBoard.TestCrossRow" classname="TicTacToeTests.TestBoard" runstate="Runnable" testcasecount="3" result="Passed" start-time="2017-05-25 13:12:39Z" end-time="2017-05-25 13:12:39Z" duration="0.008136" total="3" passed="3" failed="0" warnings="0" inconclusive="0" skipped="0" asserts="3">
          <test-case id="0-1012" name="TestCrossRow(0)" fullname="TicTacToeTests.TestBoard.TestCrossRow(0)" methodname="TestCrossRow" classname="TicTacToeTests.TestBoard" runstate="Runnable" seed="637431803" result="Passed" start-time="2017-05-25 13:12:39Z" end-time="2017-05-25 13:12:39Z" duration="0.000517" asserts="1" />
          <test-case id="0-1013" name="TestCrossRow(1)" fullname="TicTacToeTests.TestBoard.TestCrossRow(1)" methodname="TestCrossRow" classname="TicTacToeTests.TestBoard" runstate="Runnable" seed="1124330415" result="Passed" start-time="2017-05-25 13:12:39Z" end-time="2017-05-25 13:12:39Z" duration="0.000152" asserts="1" />
          <test-case id="0-1014" name="TestCrossRow(2)" fullname="TicTacToeTests.TestBoard.TestCrossRow(2)" methodname="TestCrossRow" classname="TicTacToeTests.TestBoard" runstate="Runnable" seed="620733047" result="Passed" start-time="2017-05-25 13:12:39Z" end-time="2017-05-25 13:12:39Z" duration="0.000165" asserts="1" />
        </test-suite>
        <test-case id="0-1022" name="TestCrossStaysTheWinner" fullname="TicTacToeTests.TestBoard.TestCrossStaysTheWinner" methodname="TestCrossStaysTheWinner" classname="TicTacToeTests.TestBoard" runstate="Runnable" seed="1219153109" result="Passed" start-time="2017-05-25 13:12:39Z" end-time="2017-05-25 13:12:39Z" duration="0.000675" asserts="1" />
        <test-case id="0-1001" name="TestNoMoves" fullname="TicTacToeTests.TestBoard.TestNoMoves" methodname="TestNoMoves" classname="TicTacToeTests.TestBoard" runstate="Runnable" seed="322022685" result="Passed" start-time="2017-05-25 13:12:39Z" end-time="2017-05-25 13:12:39Z" duration="0.000244" asserts="1" />
        <test-case id="0-1024" name="TestRunning" fullname="TicTacToeTests.TestBoard.TestRunning" methodname="TestRunning" classname="TicTacToeTests.TestBoard" runstate="Runnable" seed="724854958" result="Passed" start-time="2017-05-25 13:12:39Z" end-time="2017-05-25 13:12:39Z" duration="0.000318" asserts="1" />
      </test-suite>
      <test-suite type="TestFixture" id="0-1025" name="TestCursor" fullname="TicTacToeTests.TestCursor" classname="TicTacToeTests.TestCursor" runstate="Runnable" testcasecount="17" result="Passed" start-time="2017-05-25 13:12:39Z" end-time="2017-05-25 13:12:39Z" duration="0.064164" total="17" passed="17" failed="0" warnings="0" inconclusive="0" skipped="0" asserts="17">
        <test-suite type="ParameterizedMethod" id="0-1029" name="TestMoveDown" fullname="TicTacToeTests.TestCursor.TestMoveDown" classname="TicTacToeTests.TestCursor" runstate="Runnable" testcasecount="2" result="Passed" start-time="2017-05-25 13:12:39Z" end-time="2017-05-25 13:12:39Z" duration="0.005814" total="2" passed="2" failed="0" warnings="0" inconclusive="0" skipped="0" asserts="2">
          <test-case id="0-1027" name="TestMoveDown(1)" fullname="TicTacToeTests.TestCursor.TestMoveDown(1)" methodname="TestMoveDown" classname="TicTacToeTests.TestCursor" runstate="Runnable" seed="1598682441" result="Passed" start-time="2017-05-25 13:12:39Z" end-time="2017-05-25 13:12:39Z" duration="0.000839" asserts="1" />
          <test-case id="0-1028" name="TestMoveDown(2)" fullname="TicTacToeTests.TestCursor.TestMoveDown(2)" methodname="TestMoveDown" classname="TicTacToeTests.TestCursor" runstate="Runnable" seed="1428860195" result="Passed" start-time="2017-05-25 13:12:39Z" end-time="2017-05-25 13:12:39Z" duration="0.000152" asserts="1" />
        </test-suite>
        <test-suite type="ParameterizedMethod" id="0-1032" name="TestMoveDownTooMuch" fullname="TicTacToeTests.TestCursor.TestMoveDownTooMuch" classname="TicTacToeTests.TestCursor" runstate="Runnable" testcasecount="2" result="Passed" start-time="2017-05-25 13:12:39Z" end-time="2017-05-25 13:12:39Z" duration="0.005263" total="2" passed="2" failed="0" warnings="0" inconclusive="0" skipped="0" asserts="2">
          <test-case id="0-1030" name="TestMoveDownTooMuch(3)" fullname="TicTacToeTests.TestCursor.TestMoveDownTooMuch(3)" methodname="TestMoveDownTooMuch" classname="TicTacToeTests.TestCursor" runstate="Runnable" seed="757287816" result="Passed" start-time="2017-05-25 13:12:39Z" end-time="2017-05-25 13:12:39Z" duration="0.000291" asserts="1" />
          <test-case id="0-1031" name="TestMoveDownTooMuch(6)" fullname="TicTacToeTests.TestCursor.TestMoveDownTooMuch(6)" methodname="TestMoveDownTooMuch" classname="TicTacToeTests.TestCursor" runstate="Runnable" seed="922096941" result="Passed" start-time="2017-05-25 13:12:39Z" end-time="2017-05-25 13:12:39Z" duration="0.000146" asserts="1" />
        </test-suite>
        <test-suite type="ParameterizedMethod" id="0-1047" name="TestMoveLeft" fullname="TicTacToeTests.TestCursor.TestMoveLeft" classname="TicTacToeTests.TestCursor" runstate="Runnable" testcasecount="2" result="Passed" start-time="2017-05-25 13:12:39Z" end-time="2017-05-25 13:12:39Z" duration="0.005448" total="2" passed="2" failed="0" warnings="0" inconclusive="0" skipped="0" asserts="2">
          <test-case id="0-1045" name="TestMoveLeft(1)" fullname="TicTacToeTests.TestCursor.TestMoveLeft(1)" methodname="TestMoveLeft" classname="TicTacToeTests.TestCursor" runstate="Runnable" seed="1605936448" result="Passed" start-time="2017-05-25 13:12:39Z" end-time="2017-05-25 13:12:39Z" duration="0.000460" asserts="1" />
          <test-case id="0-1046" name="TestMoveLeft(2)" fullname="TicTacToeTests.TestCursor.TestMoveLeft(2)" methodname="TestMoveLeft" classname="TicTacToeTests.TestCursor" runstate="Runnable" seed="1312600019" result="Passed" start-time="2017-05-25 13:12:39Z" end-time="2017-05-25 13:12:39Z" duration="0.000143" asserts="1" />
        </test-suite>
        <test-suite type="ParameterizedMethod" id="0-1050" name="TestMoveLeftTooMuch" fullname="TicTacToeTests.TestCursor.TestMoveLeftTooMuch" classname="TicTacToeTests.TestCursor" runstate="Runnable" testcasecount="2" result="Passed" start-time="2017-05-25 13:12:39Z" end-time="2017-05-25 13:12:39Z" duration="0.005308" total="2" passed="2" failed="0" warnings="0" inconclusive="0" skipped="0" asserts="2">
          <test-case id="0-1048" name="TestMoveLeftTooMuch(3)" fullname="TicTacToeTests.TestCursor.TestMoveLeftTooMuch(3)" methodname="TestMoveLeftTooMuch" classname="TicTacToeTests.TestCursor" runstate="Runnable" seed="1925093092" result="Passed" start-time="2017-05-25 13:12:39Z" end-time="2017-05-25 13:12:39Z" duration="0.000318" asserts="1" />
          <test-case id="0-1049" name="TestMoveLeftTooMuch(6)" fullname="TicTacToeTests.TestCursor.TestMoveLeftTooMuch(6)" methodname="TestMoveLeftTooMuch" classname="TicTacToeTests.TestCursor" runstate="Runnable" seed="1256238877" result="Passed" start-time="2017-05-25 13:12:39Z" end-time="2017-05-25 13:12:39Z" duration="0.000143" asserts="1" />
        </test-suite>
        <test-suite type="ParameterizedMethod" id="0-1041" name="TestMoveRight" fullname="TicTacToeTests.TestCursor.TestMoveRight" classname="TicTacToeTests.TestCursor" runstate="Runnable" testcasecount="2" result="Passed" start-time="2017-05-25 13:12:39Z" end-time="2017-05-25 13:12:39Z" duration="0.005256" total="2" passed="2" failed="0" warnings="0" inconclusive="0" skipped="0" asserts="2">
          <test-case id="0-1039" name="TestMoveRight(1)" fullname="TicTacToeTests.TestCursor.TestMoveRight(1)" methodname="TestMoveRight" classname="TicTacToeTests.TestCursor" runstate="Runnable" seed="1728306910" result="Passed" start-time="2017-05-25 13:12:39Z" end-time="2017-05-25 13:12:39Z" duration="0.000303" asserts="1" />
          <test-case id="0-1040" name="TestMoveRight(2)" fullname="TicTacToeTests.TestCursor.TestMoveRight(2)" methodname="TestMoveRight" classname="TicTacToeTests.TestCursor" runstate="Runnable" seed="739238199" result="Passed" start-time="2017-05-25 13:12:39Z" end-time="2017-05-25 13:12:39Z" duration="0.000138" asserts="1" />
        </test-suite>
        <test-suite type="ParameterizedMethod" id="0-1044" name="TestMoveRightTooMuch" fullname="TicTacToeTests.TestCursor.TestMoveRightTooMuch" classname="TicTacToeTests.TestCursor" runstate="Runnable" testcasecount="2" result="Passed" start-time="2017-05-25 13:12:39Z" end-time="2017-05-25 13:12:39Z" duration="0.005282" total="2" passed="2" failed="0" warnings="0" inconclusive="0" skipped="0" asserts="2">
          <test-case id="0-1042" name="TestMoveRightTooMuch(3)" fullname="TicTacToeTests.TestCursor.TestMoveRightTooMuch(3)" methodname="TestMoveRightTooMuch" classname="TicTacToeTests.TestCursor" runstate="Runnable" seed="1984933162" result="Passed" start-time="2017-05-25 13:12:39Z" end-time="2017-05-25 13:12:39Z" duration="0.000312" asserts="1" />
          <test-case id="0-1043" name="TestMoveRightTooMuch(6)" fullname="TicTacToeTests.TestCursor.TestMoveRightTooMuch(6)" methodname="TestMoveRightTooMuch" classname="TicTacToeTests.TestCursor" runstate="Runnable" seed="303834789" result="Passed" start-time="2017-05-25 13:12:39Z" end-time="2017-05-25 13:12:39Z" duration="0.000144" asserts="1" />
        </test-suite>
        <test-suite type="ParameterizedMethod" id="0-1035" name="TestMoveUp" fullname="TicTacToeTests.TestCursor.TestMoveUp" classname="TicTacToeTests.TestCursor" runstate="Runnable" testcasecount="2" result="Passed" start-time="2017-05-25 13:12:39Z" end-time="2017-05-25 13:12:39Z" duration="0.005407" total="2" passed="2" failed="0" warnings="0" inconclusive="0" skipped="0" asserts="2">
          <test-case id="0-1033" name="TestMoveUp(1)" fullname="TicTacToeTests.TestCursor.TestMoveUp(1)" methodname="TestMoveUp" classname="TicTacToeTests.TestCursor" runstate="Runnable" seed="1511736190" result="Passed" start-time="2017-05-25 13:12:39Z" end-time="2017-05-25 13:12:39Z" duration="0.000421" asserts="1" />
          <test-case id="0-1034" name="TestMoveUp(2)" fullname="TicTacToeTests.TestCursor.TestMoveUp(2)" methodname="TestMoveUp" classname="TicTacToeTests.TestCursor" runstate="Runnable" seed="657122581" result="Passed" start-time="2017-05-25 13:12:39Z" end-time="2017-05-25 13:12:39Z" duration="0.000147" asserts="1" />
        </test-suite>
        <test-suite type="ParameterizedMethod" id="0-1038" name="TestMoveUpTooMuch" fullname="TicTacToeTests.TestCursor.TestMoveUpTooMuch" classname="TicTacToeTests.TestCursor" runstate="Runnable" testcasecount="2" result="Passed" start-time="2017-05-25 13:12:39Z" end-time="2017-05-25 13:12:39Z" duration="0.005298" total="2" passed="2" failed="0" warnings="0" inconclusive="0" skipped="0" asserts="2">
          <test-case id="0-1036" name="TestMoveUpTooMuch(3)" fullname="TicTacToeTests.TestCursor.TestMoveUpTooMuch(3)" methodname="TestMoveUpTooMuch" classname="TicTacToeTests.TestCursor" runstate="Runnable" seed="1354146016" result="Passed" start-time="2017-05-25 13:12:39Z" end-time="2017-05-25 13:12:39Z" duration="0.000316" asserts="1" />
          <test-case id="0-1037" name="TestMoveUpTooMuch(6)" fullname="TicTacToeTests.TestCursor.TestMoveUpTooMuch(6)" methodname="TestMoveUpTooMuch" classname="TicTacToeTests.TestCursor" runstate="Runnable" seed="713566227" result="Passed" start-time="2017-05-25 13:12:39Z" end-time="2017-05-25 13:12:39Z" duration="0.000152" asserts="1" />
        </test-suite>
        <test-case id="0-1026" name="TestNoMoves" fullname="TicTacToeTests.TestCursor.TestNoMoves" methodname="TestNoMoves" classname="TicTacToeTests.TestCursor" runstate="Runnable" seed="1637780989" result="Passed" start-time="2017-05-25 13:12:39Z" end-time="2017-05-25 13:12:39Z" duration="0.000294" asserts="1" />
      </test-suite>
      <test-suite type="TestFixture" id="0-1051" name="TestGame" fullname="TicTacToeTests.TestGame" classname="TicTacToeTests.TestGame" runstate="Runnable" testcasecount="2" result="Passed" start-time="2017-05-25 13:12:39Z" end-time="2017-05-25 13:12:39Z" duration="0.006098" total="2" passed="2" failed="0" warnings="0" inconclusive="0" skipped="0" asserts="2">
        <test-case id="0-1053" name="TestInitialBoardState" fullname="TicTacToeTests.TestGame.TestInitialBoardState" methodname="TestInitialBoardState" classname="TicTacToeTests.TestGame" runstate="Runnable" seed="1312270283" result="Passed" start-time="2017-05-25 13:12:39Z" end-time="2017-05-25 13:12:39Z" duration="0.000877" asserts="1" />
        <test-case id="0-1052" name="TestInitialCursorPosition" fullname="TicTacToeTests.TestGame.TestInitialCursorPosition" methodname="TestInitialCursorPosition" classname="TicTacToeTests.TestGame" runstate="Runnable" seed="402593171" result="Passed" start-time="2017-05-25 13:12:39Z" end-time="2017-05-25 13:12:39Z" duration="0.000279" asserts="1" />
      </test-suite>
      <test-suite type="TestFixture" id="0-1054" name="TestGameCircle" fullname="TicTacToeTests.TestGameCircle" classname="TicTacToeTests.TestGameCircle" runstate="Runnable" testcasecount="5" result="Passed" start-time="2017-05-25 13:12:39Z" end-time="2017-05-25 13:12:39Z" duration="0.014397" total="5" passed="5" failed="0" warnings="0" inconclusive="0" skipped="0" asserts="5">
        <test-case id="0-1055" name="TestMoveDown" fullname="TicTacToeTests.TestGameCircle.TestMoveDown" methodname="TestMoveDown" classname="TicTacToeTests.TestGameCircle" runstate="Runnable" seed="632509649" result="Passed" start-time="2017-05-25 13:12:39Z" end-time="2017-05-25 13:12:39Z" duration="0.000496" asserts="1" />
        <test-case id="0-1058" name="TestMoveLeft" fullname="TicTacToeTests.TestGameCircle.TestMoveLeft" methodname="TestMoveLeft" classname="TicTacToeTests.TestGameCircle" runstate="Runnable" seed="1337053276" result="Passed" start-time="2017-05-25 13:12:39Z" end-time="2017-05-25 13:12:39Z" duration="0.000332" asserts="1" />
        <test-case id="0-1057" name="TestMoveRight" fullname="TicTacToeTests.TestGameCircle.TestMoveRight" methodname="TestMoveRight" classname="TicTacToeTests.TestGameCircle" runstate="Runnable" seed="308642471" result="Passed" start-time="2017-05-25 13:12:39Z" end-time="2017-05-25 13:12:39Z" duration="0.000294" asserts="1" />
        <test-case id="0-1056" name="TestMoveUp" fullname="TicTacToeTests.TestGameCircle.TestMoveUp" methodname="TestMoveUp" classname="TicTacToeTests.TestGameCircle" runstate="Runnable" seed="1712008425" result="Passed" start-time="2017-05-25 13:12:39Z" end-time="2017-05-25 13:12:39Z" duration="0.000362" asserts="1" />
        <test-case id="0-1059" name="TestRowWin" fullname="TicTacToeTests.TestGameCircle.TestRowWin" methodname="TestRowWin" classname="TicTacToeTests.TestGameCircle" runstate="Runnable" seed="2146199776" result="Passed" start-time="2017-05-25 13:12:39Z" end-time="2017-05-25 13:12:39Z" duration="0.000824" asserts="1" />
      </test-suite>
      <test-suite type="TestFixture" id="0-1060" name="TestGameCross" fullname="TicTacToeTests.TestGameCross" classname="TicTacToeTests.TestGameCross" runstate="Runnable" testcasecount="5" result="Passed" start-time="2017-05-25 13:12:39Z" end-time="2017-05-25 13:12:39Z" duration="0.013641" total="5" passed="5" failed="0" warnings="0" inconclusive="0" skipped="0" asserts="5">
        <test-case id="0-1061" name="TestMoveDown" fullname="TicTacToeTests.TestGameCross.TestMoveDown" methodname="TestMoveDown" classname="TicTacToeTests.TestGameCross" runstate="Runnable" seed="1864633243" result="Passed" start-time="2017-05-25 13:12:39Z" end-time="2017-05-25 13:12:39Z" duration="0.000379" asserts="1" />
        <test-case id="0-1064" name="TestMoveLeft" fullname="TicTacToeTests.TestGameCross.TestMoveLeft" methodname="TestMoveLeft" classname="TicTacToeTests.TestGameCross" runstate="Runnable" seed="507220389" result="Passed" start-time="2017-05-25 13:12:39Z" end-time="2017-05-25 13:12:39Z" duration="0.000275" asserts="1" />
        <test-case id="0-1063" name="TestMoveRight" fullname="TicTacToeTests.TestGameCross.TestMoveRight" methodname="TestMoveRight" classname="TicTacToeTests.TestGameCross" runstate="Runnable" seed="496227313" result="Passed" start-time="2017-05-25 13:12:39Z" end-time="2017-05-25 13:12:39Z" duration="0.000290" asserts="1" />
        <test-case id="0-1062" name="TestMoveUp" fullname="TicTacToeTests.TestGameCross.TestMoveUp" methodname="TestMoveUp" classname="TicTacToeTests.TestGameCross" runstate="Runnable" seed="1732216864" result="Passed" start-time="2017-05-25 13:12:39Z" end-time="2017-05-25 13:12:39Z" duration="0.000301" asserts="1" />
        <test-case id="0-1065" name="TestRowWin" fullname="TicTacToeTests.TestGameCross.TestRowWin" methodname="TestRowWin" classname="TicTacToeTests.TestGameCross" runstate="Runnable" seed="106784823" result="Passed" start-time="2017-05-25 13:12:39Z" end-time="2017-05-25 13:12:39Z" duration="0.000337" asserts="1" />
      </test-suite>
    </test-suite>
  </test-suite>
</test-run>